111111
123456
1q2w3e4r
ADD_YOUR_SECRET_HERE
APP_KEY
DEBUG_SECRET
ENV_JWT_SECRET
INSERT_RANDOM_KEY_HERE
INSERT_SECRET_HERE
JWT_SECRET
MY_SECRET_KEY
NOT_A_REAL_SECRET
PLEASE_CHANGE_ME
REMOVE_THIS_BEFORE_DEPLOY
REPLACE_ME_WITH_A_SECRET_KEY
REPLACE_THIS_WITH_A_SECRET
SAMPLE_SECRET
SECRET_ENV_VAR
SECURE_KEY
SECURE_THIS
SET_A_SECRET
SIMPLE_SECRET
TEMP_SECRET
THIS IS USED TO SIGN AND VERIFY JWT TOKENS, REPLACE IT WITH YOUR OWN SECRET, IT CAN BE ANY STRING
THIS_SHOULD_BE_SECURE
TOKEN_SECRET_KEY
YOUR_SECRET
abc123
access
access_token_secret
add_real_secret_later
admin
admin0
admin1
admin10
admin11
admin12
admin123
admin13
admin14
admin15
admin16
admin17
admin18
admin19
admin2
admin20
admin2015
admin2016
admin2017
admin2018
admin2019
admin2020
admin2021
admin2022
admin2023
admin2024
admin2025
admin21
admin22
admin23
admin24
admin25
admin26
admin27
admin28
admin29
admin3
admin30
admin31
admin32
admin33
admin34
admin35
admin36
admin37
admin38
admin39
admin4
admin40
admin41
admin42
admin43
admin44
admin45
admin46
admin47
admin48
admin49
admin5
admin50
admin51
admin52
admin53
admin54
admin55
admin56
admin57
admin58
admin59
admin6
admin60
admin61
admin62
admin63
admin64
admin65
admin66
admin67
admin68
admin69
admin7
admin70
admin71
admin72
admin73
admin74
admin75
admin76
admin77
admin78
admin79
admin8
admin80
admin81
admin82
admin83
admin84
admin85
admin86
admin87
admin88
admin89
admin9
admin90
admin91
admin92
admin93
admin94
admin95
admin96
admin97
admin98
admin99
admin@123
adminadmin
angular
api-jwt-secret
apiadmin
apisecret
apitoken
aspjwt
aspnet-secret
aspnetcore-secret
auth
auth-secret-key
auth_token_secret
authsecret
backend
backend2015
backend2016
backend2017
backend2018
backend2019
backend2020
backend2021
backend2022
backend2023
backend2024
backend2025
base64:9QVcJ5ZLg==
base64:abcdefghijklmop==
base64:randomstring==
basic_signing_key
changeme
changemejwtkey
changethissecret
custom_jwt_key
debug_key
default
default_jwt_secret
default_signing_key
default_token_secret
default_token_signing
defaultsecret
dev_key_placeholder
development_secret
devsecret
django
django-insecure-secret
django-secret-key
djangojwt
do_not_use_in_prod
dotnet-auth
dotnet-core-secret
dotnetsecret
dragon
dummy_secret_for_tests
enter_secret_here
env_placeholder
example_app_jwt_key
example_secret_for_app
example_secret_key
examplejwtsecret
express
expressjwt
fake_secret
fill_in_jwt_secret
flask
foobar
freedom
generate_secure_key
go-auth-secret
go-secret
go123
god
golang123
golangjwt
hardcoded_jwt_secret
hardcoded_key
hardcoded_test_key
hello
iloveyou
insecure_key_used_for_testing
insert_custom_key
java-auth-secret
javajwt
javasecretkey
jsonwebtoken
jwt-django
jwt-dotnet
jwt-go
jwt-go-key
jwt-java
jwt-ruby
jwt-secret
jwt-secret-env
jwt-signing-key
jwt-token-key
jwt0
jwt1
jwt10
jwt11
jwt12
jwt13
jwt14
jwt15
jwt16
jwt17
jwt18
jwt19
jwt2
jwt20
jwt2015
jwt2016
jwt2017
jwt2018
jwt2019
jwt2020
jwt2021
jwt2022
jwt2023
jwt2024
jwt2025
jwt21
jwt22
jwt23
jwt24
jwt25
jwt26
jwt27
jwt28
jwt29
jwt3
jwt30
jwt31
jwt32
jwt33
jwt34
jwt35
jwt36
jwt37
jwt38
jwt39
jwt4
jwt40
jwt41
jwt42
jwt43
jwt44
jwt45
jwt46
jwt47
jwt48
jwt49
jwt5
jwt50
jwt51
jwt52
jwt53
jwt54
jwt55
jwt56
jwt57
jwt58
jwt59
jwt6
jwt60
jwt61
jwt62
jwt63
jwt64
jwt65
jwt66
jwt67
jwt68
jwt69
jwt7
jwt70
jwt71
jwt72
jwt73
jwt74
jwt75
jwt76
jwt77
jwt78
jwt79
jwt8
jwt80
jwt81
jwt82
jwt83
jwt84
jwt85
jwt86
jwt87
jwt88
jwt89
jwt9
jwt90
jwt91
jwt92
jwt93
jwt94
jwt95
jwt96
jwt97
jwt98
jwt99
jwt_auth_key
jwt_config_secret
jwt_example_key
jwt_for_testing_only
jwt_key_not_secure
jwt_secret_env_var
jwt_secret_placeholder
jwt_temp_secret
jwt_token
jwtadmin
jwtlaravel
jwtsecret
key
key0
key1
key10
key11
key12
key123
key13
key14
key15
key16
key17
key18
key19
key2
key20
key21
key22
key23
key24
key25
key26
key27
key28
key29
key3
key30
key31
key32
key33
key34
key35
key36
key37
key38
key39
key4
key40
key41
key42
key43
key44
key45
key46
key47
key48
key49
key5
key50
key51
key52
key53
key54
key55
key56
key57
key58
key59
key6
key60
key61
key62
key63
key64
key65
key66
key67
key68
key69
key7
key70
key71
key72
key73
key74
key75
key76
key77
key78
key79
key8
key80
key81
key82
key83
key84
key85
key86
key87
key88
key89
key9
key90
key91
key92
key93
key94
key95
key96
key97
key98
key99
key_for_jwt_auth
laravel
laravel123
laravelsecret
letmein
localsecret
login
master
meanstack
mernstack
my-custom-jwt-secret
my_jwt_signing_key
my_secret_placeholder
mydjsecret
mydotnetkey
mygokey
myjavakey
myjwtsecret
myphpsecret
myrailskey
mysecret
nestjs
nextjs
nodeauth
not_for_production
not_secure
not_secure_key
pass
pass0
pass1
pass10
pass11
pass12
pass13
pass14
pass15
pass16
pass17
pass18
pass19
pass2
pass20
pass21
pass22
pass23
pass24
pass25
pass26
pass27
pass28
pass29
pass3
pass30
pass31
pass32
pass33
pass34
pass35
pass36
pass37
pass38
pass39
pass4
pass40
pass41
pass42
pass43
pass44
pass45
pass46
pass47
pass48
pass49
pass5
pass50
pass51
pass52
pass53
pass54
pass55
pass56
pass57
pass58
pass59
pass6
pass60
pass61
pass62
pass63
pass64
pass65
pass66
pass67
pass68
pass69
pass7
pass70
pass71
pass72
pass73
pass74
pass75
pass76
pass77
pass78
pass79
pass8
pass80
pass81
pass82
pass83
pass84
pass85
pass86
pass87
pass88
pass89
pass9
pass90
pass91
pass92
pass93
pass94
pass95
pass96
pass97
pass98
pass99
password
password2015
password2016
password2017
password2018
password2019
password2020
password2021
password2022
password2023
password2024
password2025
phpjwt
phpsecret
placeholder_key
please_use_strong_key000000
production_needs_real_secret
productionsecret
put_token_secret_here
put_your_secret_here
pyjwt
pythonjwt
pythonsecret
qwerty
rails
rails-app-secret
rails-auth-secret
railssecret
random_key_here
react
replace_before_deploying
replace_with_random_string
root
ruby-on-rails-key
ruby-secret-key
ruby123
rubyjwt
sample_app_key
sample_for_demo
secret
secret-on-rails
secret123
secret2015
secret2016
secret2017
secret2018
secret2019
secret2020
secret2021123456
secret_for_testing
secret_key_goes_here
secret_token_here
secretforspring
secretkey
secretkeyfordjango
secure_key_required
securego
simple_jwt_key
simple_token_secret
spring-key
spring-secret
springboot-secret
springjwt
stagingsecret
super-secret
supergo
superlongdefaultsecretkey
supersecret
temporary_jwt_key
test_secret_key
testsecret
this_is_a_test_secret
thisisnotsecure
token123
token_key_placeholder
tokensecret
unsafe_secret
unsecured_jwt_secret
use_real_key_here
use_your_secret
weak_token_secret
your_app_jwt_key
your_jwt_secret
your_jwt_secret_key
your_secret_here
your_token_key_here
your_token_secret
